<?xml version="1.0" encoding="UTF-8"?>
<testsuite xmlns:xsi="http://www.w3.org/2001/XMLSchema-instance" xsi:schemaLocation="https://maven.apache.org/surefire/maven-surefire-plugin/xsd/surefire-test-report.xsd" name="com.tests.QuickSortTest" time="0.003" tests="6" errors="0" skipped="0" failures="0">
  <properties>
    <property name="java.runtime.name" value="Java(TM) SE Runtime Environment"/>
    <property name="sun.boot.library.path" value="C:\JAVA\jdk8-131\jre\bin"/>
    <property name="java.vm.version" value="25.131-b11"/>
    <property name="java.vm.vendor" value="Oracle Corporation"/>
    <property name="maven.multiModuleProjectDirectory" value="L:\ProgrammingStuff\JAVA\Eclipse-Projects3\LearningDataStructures\QuickSort-OrlovskyGit\sortingalgorithms"/>
    <property name="java.vendor.url" value="http://java.oracle.com/"/>
    <property name="path.separator" value=";"/>
    <property name="guice.disable.misplaced.annotation.check" value="true"/>
    <property name="java.vm.name" value="Java HotSpot(TM) 64-Bit Server VM"/>
    <property name="file.encoding.pkg" value="sun.io"/>
    <property name="user.script" value=""/>
    <property name="user.country" value="DE"/>
    <property name="sun.java.launcher" value="SUN_STANDARD"/>
    <property name="sun.os.patch.level" value="Service Pack 1"/>
    <property name="java.vm.specification.name" value="Java Virtual Machine Specification"/>
    <property name="user.dir" value="L:\ProgrammingStuff\JAVA\Eclipse-Projects3\LearningDataStructures\QuickSort-OrlovskyGit\sortingalgorithms"/>
    <property name="java.runtime.version" value="1.8.0_131-b11"/>
    <property name="java.awt.graphicsenv" value="sun.awt.Win32GraphicsEnvironment"/>
    <property name="java.endorsed.dirs" value="C:\JAVA\jdk8-131\jre\lib\endorsed"/>
    <property name="os.arch" value="amd64"/>
    <property name="java.io.tmpdir" value="C:\Users\HARDCO~1\AppData\Local\Temp\"/>
    <property name="line.separator" value="&#10;"/>
    <property name="java.vm.specification.vendor" value="Oracle Corporation"/>
    <property name="user.variant" value=""/>
    <property name="os.name" value="Windows 7"/>
    <property name="classworlds.conf" value="L:\ProgrammingStuff\JAVA\Eclipse-Projects3\.metadata\.plugins\org.eclipse.m2e.launching\launches\m2conf8946173129272214386.tmp"/>
    <property name="sun.jnu.encoding" value="Cp1252"/>
    <property name="java.library.path" value="C:\JAVA\jdk8-131\bin;C:\windows\Sun\Java\bin;C:\windows\system32;C:\windows;c:/JAVA/jdk8-131/bin/../jre/bin/server;c:/JAVA/jdk8-131/bin/../jre/bin;c:/JAVA/jdk8-131/bin/../jre/lib/amd64;C:\DATABASES\ORACLE11G2\app\oracle\product\11.2.0\server\bin;C:\windows\system32;C:\windows;C:\windows\System32\Wbem;C:\windows\System32\WindowsPowerShell\v1.0\;C:\Program Files (x86)\Skype\Phone\;c:\JAVA\jdk8-131\bin;C:\Program Files (x86)\QuickTime\QTSystem\;C:\Program Files (x86)\Common Files\Acronis\SnapAPI\;C:\Program Files (x86)\Git\cmd;C:\Program Files\MiKTeX 2.9\miktex\bin\x64\;C:\Program Files\Calibre2\;C:\Program Files (x86)\AMD\ATI.ACE\Core-Static;c:\JAVA-BUILD-TOOLS\Maven\bin;C:\Program Files\Notepad++\;C:\SOFT\CURL\curl_7_53_1_openssl_nghttp2_x64\;C:\JAVA-BUILD-TOOLS\ANT\bin;C:\SOFT\explorer++_1.3.5_x64\\;C:\Program Files (x86)\Nmap;C:\JAVA-IDE\eclipse\eclipse;;."/>
    <property name="java.specification.name" value="Java Platform API Specification"/>
    <property name="java.class.version" value="52.0"/>
    <property name="sun.management.compiler" value="HotSpot 64-Bit Tiered Compilers"/>
    <property name="os.version" value="6.1"/>
    <property name="user.home" value="C:\Users\Hardcore-PC"/>
    <property name="user.timezone" value="Europe/Berlin"/>
    <property name="java.awt.printerjob" value="sun.awt.windows.WPrinterJob"/>
    <property name="java.specification.version" value="1.8"/>
    <property name="file.encoding" value="Cp1252"/>
    <property name="user.name" value="Hardcore-PC"/>
    <property name="java.class.path" value="C:\JAVA-BUILD-TOOLS\Maven\boot\plexus-classworlds-2.5.2.jar"/>
    <property name="java.vm.specification.version" value="1.8"/>
    <property name="sun.arch.data.model" value="64"/>
    <property name="java.home" value="C:\JAVA\jdk8-131\jre"/>
    <property name="sun.java.command" value="org.codehaus.plexus.classworlds.launcher.Launcher -B clean verify"/>
    <property name="java.specification.vendor" value="Oracle Corporation"/>
    <property name="user.language" value="de"/>
    <property name="awt.toolkit" value="sun.awt.windows.WToolkit"/>
    <property name="java.vm.info" value="mixed mode"/>
    <property name="java.version" value="1.8.0_131"/>
    <property name="java.ext.dirs" value="C:\JAVA\jdk8-131\jre\lib\ext;C:\windows\Sun\Java\lib\ext"/>
    <property name="sun.boot.class.path" value="C:\JAVA\jdk8-131\jre\lib\resources.jar;C:\JAVA\jdk8-131\jre\lib\rt.jar;C:\JAVA\jdk8-131\jre\lib\sunrsasign.jar;C:\JAVA\jdk8-131\jre\lib\jsse.jar;C:\JAVA\jdk8-131\jre\lib\jce.jar;C:\JAVA\jdk8-131\jre\lib\charsets.jar;C:\JAVA\jdk8-131\jre\lib\jfr.jar;C:\JAVA\jdk8-131\jre\classes"/>
    <property name="java.vendor" value="Oracle Corporation"/>
    <property name="maven.home" value="C:\JAVA-BUILD-TOOLS\Maven"/>
    <property name="file.separator" value="\"/>
    <property name="java.vendor.url.bug" value="http://bugreport.sun.com/bugreport/"/>
    <property name="sun.cpu.endian" value="little"/>
    <property name="sun.io.unicode.encoding" value="UnicodeLittle"/>
    <property name="sun.desktop" value="windows"/>
    <property name="sun.cpu.isalist" value="amd64"/>
  </properties>
  <testcase name="checkQuickSort" classname="com.tests.QuickSortTest" time="0.002"/>
  <testcase name="checkfindX" classname="com.tests.QuickSortTest" time="0"/>
  <testcase name="checkPartition" classname="com.tests.QuickSortTest" time="0"/>
  <testcase name="checkswap" classname="com.tests.QuickSortTest" time="0"/>
  <testcase name="checkIfQuickSortObjectExist" classname="com.tests.QuickSortTest" time="0"/>
  <testcase name="checkIfObjectInitialised" classname="com.tests.QuickSortTest" time="0"/>
</testsuite>